Using pre-set license
Built from '2021.3/staging' branch; Version is '2021.3.20f1 (577897200b8b) revision 5732503'; Using compiler version '192829333'; Build Type 'Release'
OS: 'Windows 10  (10.0.19045) 64bit Core' Language: 'en' Physical Memory: 8005 MB
BatchMode: 1, IsHumanControllingUs: 0, StartBugReporterOnCrash: 0, Is64bit: 1, IsPro: 1

COMMAND LINE ARGUMENTS:
C:\Program Files\Unity\Hub\Editor\2021.3.20f1\Editor\Unity.exe
-adb2
-batchMode
-noUpm
-name
AssetImportWorker0
-projectPath
C:/Users/joshk/OneDrive/Desktop/spritely/spritely
-logFile
Logs/AssetImportWorker0.log
-srvPort
63547
Successfully changed project path to: C:/Users/joshk/OneDrive/Desktop/spritely/spritely
C:/Users/joshk/OneDrive/Desktop/spritely/spritely
[UnityMemory] Configuration Parameters - Can be set up in boot.config
    "memorysetup-bucket-allocator-granularity=16"
    "memorysetup-bucket-allocator-bucket-count=8"
    "memorysetup-bucket-allocator-block-size=33554432"
    "memorysetup-bucket-allocator-block-count=8"
    "memorysetup-main-allocator-block-size=16777216"
    "memorysetup-thread-allocator-block-size=16777216"
    "memorysetup-gfx-main-allocator-block-size=16777216"
    "memorysetup-gfx-thread-allocator-block-size=16777216"
    "memorysetup-cache-allocator-block-size=4194304"
    "memorysetup-typetree-allocator-block-size=2097152"
    "memorysetup-profiler-bucket-allocator-granularity=16"
    "memorysetup-profiler-bucket-allocator-bucket-count=8"
    "memorysetup-profiler-bucket-allocator-block-size=33554432"
    "memorysetup-profiler-bucket-allocator-block-count=8"
    "memorysetup-profiler-allocator-block-size=16777216"
    "memorysetup-profiler-editor-allocator-block-size=1048576"
    "memorysetup-temp-allocator-size-main=16777216"
    "memorysetup-job-temp-allocator-block-size=2097152"
    "memorysetup-job-temp-allocator-block-size-background=1048576"
    "memorysetup-job-temp-allocator-reduction-small-platforms=262144"
    "memorysetup-temp-allocator-size-background-worker=32768"
    "memorysetup-temp-allocator-size-job-worker=262144"
    "memorysetup-temp-allocator-size-preload-manager=33554432"
    "memorysetup-temp-allocator-size-nav-mesh-worker=65536"
    "memorysetup-temp-allocator-size-audio-worker=65536"
    "memorysetup-temp-allocator-size-cloud-worker=32768"
    "memorysetup-temp-allocator-size-gi-baking-worker=262144"
    "memorysetup-temp-allocator-size-gfx=262144"
Player connection [15232] Host "[IP] 172.31.32.1 [Port] 0 [Flags] 2 [Guid] 2838632672 [EditorId] 2838632672 [Version] 1048832 [Id] WindowsEditor(7,Solace) [Debug] 1 [PackageName] WindowsEditor [ProjectName] Editor" joined multi-casting on [225.0.0.222:54997]...

Player connection [15232] Host "[IP] 172.31.32.1 [Port] 0 [Flags] 2 [Guid] 2838632672 [EditorId] 2838632672 [Version] 1048832 [Id] WindowsEditor(7,Solace) [Debug] 1 [PackageName] WindowsEditor [ProjectName] Editor" joined alternative multi-casting on [225.0.0.222:34997]...

Refreshing native plugins compatible for Editor in 362.93 ms, found 3 plugins.
Preloading 0 native plugins for Editor in 0.00 ms.
Initialize engine version: 2021.3.20f1 (577897200b8b)
[Subsystems] Discovering subsystems at path C:/Program Files/Unity/Hub/Editor/2021.3.20f1/Editor/Data/Resources/UnitySubsystems
[Subsystems] Discovering subsystems at path C:/Users/joshk/OneDrive/Desktop/spritely/spritely/Assets
GfxDevice: creating device client; threaded=0; jobified=0
Direct3D:
    Version:  Direct3D 11.0 [level 11.1]
    Renderer: Intel(R) UHD Graphics 620 (ID=0x3ea0)
    Vendor:   Intel
    VRAM:     4002 MB
    Driver:   25.20.100.6793
Initialize mono
Mono path[0] = 'C:/Program Files/Unity/Hub/Editor/2021.3.20f1/Editor/Data/Managed'
Mono path[1] = 'C:/Program Files/Unity/Hub/Editor/2021.3.20f1/Editor/Data/MonoBleedingEdge/lib/mono/unityjit-win32'
Mono config path = 'C:/Program Files/Unity/Hub/Editor/2021.3.20f1/Editor/Data/MonoBleedingEdge/etc'
Using monoOptions --debugger-agent=transport=dt_socket,embedding=1,server=y,suspend=n,address=127.0.0.1:56060
Begin MonoManager ReloadAssembly
Registering precompiled unity dll's ...
Register platform support module: C:/Program Files/Unity/Hub/Editor/2021.3.20f1/Editor/Data/PlaybackEngines/WebGLSupport/UnityEditor.WebGL.Extensions.dll
Register platform support module: C:/Program Files/Unity/Hub/Editor/2021.3.20f1/Editor/Data/PlaybackEngines/WindowsStandaloneSupport/UnityEditor.WindowsStandalone.Extensions.dll
Registered in 0.084976 seconds.
Native extension for WindowsStandalone target not found
Native extension for WebGL target not found
Refreshing native plugins compatible for Editor in 311.19 ms, found 3 plugins.
Preloading 0 native plugins for Editor in 0.00 ms.
Mono: successfully reloaded assembly
- Completed reload, in  3.925 seconds
Domain Reload Profiling:
	ReloadAssembly (3926ms)
		BeginReloadAssembly (266ms)
			ExecutionOrderSort (0ms)
			DisableScriptedObjects (0ms)
			BackupInstance (0ms)
			ReleaseScriptingObjects (0ms)
			CreateAndSetChildDomain (6ms)
		EndReloadAssembly (2775ms)
			LoadAssemblies (262ms)
			RebuildTransferFunctionScriptingTraits (1ms)
			SetupTypeCache (1331ms)
			ReleaseScriptCaches (0ms)
			RebuildScriptCaches (131ms)
			SetupLoadedEditorAssemblies (1098ms)
				LogAssemblyErrors (0ms)
				InitializePlatformSupportModulesInManaged (32ms)
				SetLoadedEditorAssemblies (0ms)
				RefreshPlugins (311ms)
				BeforeProcessingInitializeOnLoad (3ms)
				ProcessInitializeOnLoadAttributes (600ms)
				ProcessInitializeOnLoadMethodAttributes (151ms)
				AfterProcessingInitializeOnLoad (0ms)
				EditorAssembliesLoaded (0ms)
			ExecutionOrderSort2 (0ms)
			AwakeInstancesAfterBackupRestoration (0ms)
Platform modules already initialized, skipping
Registering precompiled user dll's ...
Registered in 0.019894 seconds.
Begin MonoManager ReloadAssembly
Symbol file LoadedFromMemory doesn't match image C:\Users\joshk\OneDrive\Desktop\spritely\spritely\Library\PackageCache\com.unity.visualscripting@1.8.0\Editor\VisualScripting.Core\Dependencies\YamlDotNet\Unity.VisualScripting.YamlDotNet.dll
Symbol file LoadedFromMemory doesn't match image C:\Users\joshk\OneDrive\Desktop\spritely\spritely\Library\PackageCache\com.unity.visualscripting@1.8.0\Editor\VisualScripting.Core\Dependencies\DotNetZip\Unity.VisualScripting.IonicZip.dll
Native extension for WindowsStandalone target not found
Native extension for WebGL target not found
Refreshing native plugins compatible for Editor in 0.96 ms, found 3 plugins.
Preloading 0 native plugins for Editor in 0.00 ms.
Mono: successfully reloaded assembly
- Completed reload, in  2.198 seconds
Domain Reload Profiling:
	ReloadAssembly (2199ms)
		BeginReloadAssembly (365ms)
			ExecutionOrderSort (0ms)
			DisableScriptedObjects (21ms)
			BackupInstance (0ms)
			ReleaseScriptingObjects (0ms)
			CreateAndSetChildDomain (42ms)
		EndReloadAssembly (1580ms)
			LoadAssemblies (240ms)
			RebuildTransferFunctionScriptingTraits (0ms)
			SetupTypeCache (600ms)
			ReleaseScriptCaches (1ms)
			RebuildScriptCaches (95ms)
			SetupLoadedEditorAssemblies (672ms)
				LogAssemblyErrors (0ms)
				InitializePlatformSupportModulesInManaged (13ms)
				SetLoadedEditorAssemblies (1ms)
				RefreshPlugins (1ms)
				BeforeProcessingInitializeOnLoad (158ms)
				ProcessInitializeOnLoadAttributes (447ms)
				ProcessInitializeOnLoadMethodAttributes (36ms)
				AfterProcessingInitializeOnLoad (16ms)
				EditorAssembliesLoaded (0ms)
			ExecutionOrderSort2 (0ms)
			AwakeInstancesAfterBackupRestoration (10ms)
Platform modules already initialized, skipping
========================================================================
Worker process is ready to serve import requests
Launched and connected shader compiler UnityShaderCompiler.exe after 0.08 seconds
Refreshing native plugins compatible for Editor in 0.86 ms, found 3 plugins.
Preloading 0 native plugins for Editor in 0.00 ms.
Unloading 3073 Unused Serialized files (Serialized files now loaded: 0)
Unloading 24 unused Assets / (113.4 KB). Loaded Objects now: 3533.
Memory consumption went from 108.3 MB to 108.2 MB.
Total: 4.562100 ms (FindLiveObjects: 0.361100 ms CreateObjectMapping: 0.248100 ms MarkObjects: 3.815400 ms  DeleteObjects: 0.136300 ms)

AssetImportParameters requested are different than current active one (requested -> active):
  custom:video-decoder-ogg-theora: a1e56fd34408186e4bbccfd4996cb3dc -> 
  custom:container-muxer-webm: aa71ff27fc2769a1b78a27578f13a17b -> 
  custom:container-demuxer-webm: 4f35f7cbe854078d1ac9338744f61a02 -> 
  custom:video-encoder-webm-vp8: eb34c28f22e8b96e1ab97ce403110664 -> 
  custom:video-codec-MediaFoundation-h265: 746d11721c4dcdbdad8f713fa42b33f4 -> 
  custom:audio-encoder-webm-vorbis: bf7c407c2cedff20999df2af8eb42d56 -> 
  custom:framework-win-MediaFoundation: 216162199b28c13a410421893ffa2e32 -> 
  custom:container-demuxer-ogg: 62fdf1f143b41e24485cea50d1cbac27 -> 
  custom:video-decoder-webm-vp8: 9c59270c3fd7afecdb556c50c9e8de78 -> 
  custom:audio-decoder-ogg-vorbis: bf7c407c2cedff20999df2af8eb42d56 -> 
========================================================================
Received Import Request.
  Time since last request: 523715.820513 seconds.
  path: Assets/Howto-Use-Gestures-or-Create-Your-Own-Ones.pdf
  artifactKey: Guid(48423cc4ae9b79e40a2bb00f1ee98c5b) Importer(815301076,1909f56bfc062723c751e8b465ee728b)
Start importing Assets/Howto-Use-Gestures-or-Create-Your-Own-Ones.pdf using Guid(48423cc4ae9b79e40a2bb00f1ee98c5b) Importer(815301076,1909f56bfc062723c751e8b465ee728b)  -> (artifact id: '6957123c749d5260a631908a85ba34f9') in 0.046492 seconds 
========================================================================
Received Import Request.
  Time since last request: 2428.821537 seconds.
  path: Assets/Howto-Use-KinectManager-Across-Multiple-Scenes.pdf
  artifactKey: Guid(6f4765d28856abc4c98d6e5333da6842) Importer(815301076,1909f56bfc062723c751e8b465ee728b)
Start importing Assets/Howto-Use-KinectManager-Across-Multiple-Scenes.pdf using Guid(6f4765d28856abc4c98d6e5333da6842) Importer(815301076,1909f56bfc062723c751e8b465ee728b)  -> (artifact id: '6b19ec19a930df94fcf0acdb10050405') in 0.017055 seconds 
========================================================================
Received Import Request.
  Time since last request: 2.728458 seconds.
  path: Assets/Readme-Kinect-MsSdk.pdf
  artifactKey: Guid(0df6c10c9900d4449863402e46611c57) Importer(815301076,1909f56bfc062723c751e8b465ee728b)
Start importing Assets/Readme-Kinect-MsSdk.pdf using Guid(0df6c10c9900d4449863402e46611c57) Importer(815301076,1909f56bfc062723c751e8b465ee728b)  -> (artifact id: 'ad0b903f1584f6580b2fc80f1f1dc97f') in 0.012142 seconds 
========================================================================
Received Import Request.
  Time since last request: 5.329923 seconds.
  path: Assets/WhatsNew-Kinect-MsSdk.pdf
  artifactKey: Guid(f99d763664c53eb41b7202bb2a7eddce) Importer(815301076,1909f56bfc062723c751e8b465ee728b)
Start importing Assets/WhatsNew-Kinect-MsSdk.pdf using Guid(f99d763664c53eb41b7202bb2a7eddce) Importer(815301076,1909f56bfc062723c751e8b465ee728b)  -> (artifact id: '96c790c54252e8790dc7fdec1a8a39c6') in 0.012560 seconds 
========================================================================
Received Import Request.
  Time since last request: 132.338628 seconds.
  path: Assets/KinectScripts
  artifactKey: Guid(be9bde6bda9c4ed4489224b35f052a82) Importer(815301076,1909f56bfc062723c751e8b465ee728b)
Start importing Assets/KinectScripts using Guid(be9bde6bda9c4ed4489224b35f052a82) Importer(815301076,1909f56bfc062723c751e8b465ee728b)  -> (artifact id: 'b07b23b3268138adc01db741e986c01b') in 0.015588 seconds 
========================================================================
Received Import Request.
  Time since last request: 8.015429 seconds.
  path: Assets/AvatarsDemo
  artifactKey: Guid(b2cbe45aee8a34740ac4b3f572954e57) Importer(815301076,1909f56bfc062723c751e8b465ee728b)
Start importing Assets/AvatarsDemo using Guid(b2cbe45aee8a34740ac4b3f572954e57) Importer(815301076,1909f56bfc062723c751e8b465ee728b)  -> (artifact id: '863fd1feca1bdd8b10a252cdc78e5b76') in 0.013364 seconds 
========================================================================
Received Import Request.
  Time since last request: 1.114463 seconds.
  path: Assets/AvatarsDemo/KinectAvatarsDemo.unity
  artifactKey: Guid(9ae851de45adb1a4fbcf68749943c4aa) Importer(815301076,1909f56bfc062723c751e8b465ee728b)
Start importing Assets/AvatarsDemo/KinectAvatarsDemo.unity using Guid(9ae851de45adb1a4fbcf68749943c4aa) Importer(815301076,1909f56bfc062723c751e8b465ee728b)  -> (artifact id: '7f11b09e0414aa4a35b0647adb2be0c1') in 0.015152 seconds 
