Base path: 'C:/Program Files/Unity/Hub/Editor/2019.3.11f1/Editor/Data', plugins path 'C:/Program Files/Unity/Hub/Editor/2019.3.11f1/Editor/Data/PlaybackEngines'
Cmd: initializeCompiler
Cmd: compileSnippet
  api=4 type=0 insize=1402 outsize=1218 kw=UNITY_PASS_FORWARDBASE SOFTPARTICLES_ON _ALPHABLEND_ON pd=UNITY_ENABLE_REFLECTION_BUFFERS UNITY_USE_DITHER_MASK_FOR_ALPHABLENDED_SHADOWS UNITY_PBS_USE_BRDF1 UNITY_SPECCUBE_BOX_PROJECTION UNITY_SPECCUBE_BLENDING UNITY_ENABLE_DETAIL_NORMALMAP SHADER_API_DESKTOP UNITY_COLORSPACE_GAMMA UNITY_LIGHT_PROBE_PROXY_VOLUME UNITY_LIGHTMAP_FULL_HDR ok=1
Cmd: initializeCompiler
Cmd: compileComputeKernel
  api=4 insize=16804 outsize=9901 ok=1
Cmd: compileComputeKernel
  api=4 insize=21596 outsize=27350 ok=1
Cmd: compileComputeKernel
  api=4 insize=7570 outsize=583 ok=1
Cmd: compileComputeKernel
  api=4 insize=9615 outsize=3270 ok=1
Cmd: compileComputeKernel
  api=4 insize=16425 outsize=2847 ok=1
Cmd: compileComputeKernel
  api=4 insize=4528 outsize=3183 ok=1
Cmd: compileComputeKernel
  api=4 insize=9809 outsize=6108 ok=1
Cmd: compileComputeKernel
  api=4 insize=9809 outsize=8504 ok=1
Cmd: compileComputeKernel
  api=4 insize=9809 outsize=6289 ok=1
Cmd: compileComputeKernel
  api=4 insize=9809 outsize=8685 ok=1
Cmd: compileComputeKernel
  api=4 insize=17994 outsize=7462 ok=1
Cmd: compileComputeKernel
  api=4 insize=4823 outsize=885 ok=1
Cmd: compileComputeKernel
  api=4 insize=4823 outsize=677 ok=1
Cmd: compileComputeKernel
  api=4 insize=4823 outsize=662 ok=1
Cmd: compileComputeKernel
  api=4 insize=4823 outsize=890 ok=1
Cmd: compileComputeKernel
  api=4 insize=1372 outsize=678 ok=1
Cmd: compileComputeKernel
  api=4 insize=2770 outsize=2273 ok=1
Cmd: compileComputeKernel
  api=4 insize=14139 outsize=2343 ok=1
Cmd: compileComputeKernel
  api=4 insize=14139 outsize=1290 ok=1
Cmd: compileComputeKernel
  api=4 insize=11086 outsize=4192 ok=1
Cmd: compileComputeKernel
  api=4 insize=11086 outsize=665 ok=1
Cmd: compileComputeKernel
  api=4 insize=11086 outsize=4742 ok=1
Cmd: compileComputeKernel
  api=4 insize=3111 outsize=2047 ok=1
Cmd: compileComputeKernel
  api=4 insize=868 outsize=578 ok=1
Cmd: compileComputeKernel
  api=4 insize=40264 outsize=40234 ok=1
Cmd: compileComputeKernel
  api=4 insize=40264 outsize=41874 ok=1
Cmd: compileComputeKernel
  api=4 insize=40264 outsize=40234 ok=1
Cmd: compileComputeKernel
  api=4 insize=40264 outsize=41874 ok=1
Cmd: compileComputeKernel
  api=4 insize=8511 outsize=984 ok=1
Cmd: compileComputeKernel
  api=4 insize=3450 outsize=1076 ok=1
Cmd: compileComputeKernel
  api=4 insize=3450 outsize=1164 ok=1
Cmd: compileComputeKernel
  api=4 insize=22295 outsize=15194 ok=1
Cmd: compileComputeKernel
  api=4 insize=22295 outsize=15906 ok=1
Cmd: compileComputeKernel
  api=4 insize=11494 outsize=244 ok=1
Cmd: compileComputeKernel
  api=4 insize=11494 outsize=257 ok=1
Cmd: compileComputeKernel
  api=4 insize=9735 outsize=8199 ok=1
Cmd: compileComputeKernel
  api=4 insize=7840 outsize=7481 ok=1
Cmd: compileComputeKernel
  api=4 insize=8233 outsize=1857 ok=1
Cmd: compileComputeKernel
  api=4 insize=22339 outsize=1157 ok=1
Cmd: compileComputeKernel
  api=4 insize=22339 outsize=5115 ok=1
Cmd: compileComputeKernel
  api=4 insize=6119 outsize=2350 ok=1
Cmd: compileComputeKernel
  api=4 insize=6119 outsize=2518 ok=1
Cmd: compileComputeKernel
  api=4 insize=6745 outsize=1485 ok=1
Cmd: compileComputeKernel
  api=4 insize=6745 outsize=1174 ok=1
Cmd: compileComputeKernel
  api=4 insize=6745 outsize=695 ok=1
Cmd: compileComputeKernel
  api=4 insize=6745 outsize=898 ok=1
Cmd: compileComputeKernel
  api=4 insize=6745 outsize=4958 ok=1
Cmd: compileComputeKernel
  api=4 insize=6745 outsize=988 ok=1
Cmd: compileComputeKernel
  api=4 insize=9103 outsize=2745 ok=1
Cmd: compileComputeKernel
  api=4 insize=26542 outsize=14181 ok=1
Cmd: compileComputeKernel
  api=4 insize=26542 outsize=15917 ok=1
Cmd: compileComputeKernel
  api=4 insize=26542 outsize=16121 ok=1
Cmd: compileComputeKernel
  api=4 insize=16295 outsize=118521 ok=1
Cmd: compileComputeKernel
  api=4 insize=16295 outsize=67477 ok=1
Cmd: compileComputeKernel
  api=4 insize=16295 outsize=45965 ok=1
Cmd: compileComputeKernel
  api=4 insize=16295 outsize=58073 ok=1
Cmd: compileComputeKernel
  api=4 insize=16295 outsize=38626 ok=1
Cmd: compileComputeKernel
  api=4 insize=16295 outsize=45993 ok=1
Cmd: compileComputeKernel
  api=4 insize=16295 outsize=14791 ok=1
Cmd: compileComputeKernel
  api=4 insize=16295 outsize=16046 ok=1
Cmd: compileComputeKernel
  api=4 insize=16295 outsize=23938 ok=1
Cmd: compileComputeKernel
  api=4 insize=16295 outsize=50897 ok=1
Cmd: compileComputeKernel
  api=4 insize=16295 outsize=43003 ok=1
Cmd: compileComputeKernel
  api=4 insize=16295 outsize=35998 ok=1
Cmd: compileComputeKernel
  api=4 insize=16295 outsize=50487 ok=1
Cmd: compileComputeKernel
  api=4 insize=16295 outsize=35897 ok=1
Cmd: compileComputeKernel
  api=4 insize=16295 outsize=72599 ok=1
Cmd: compileComputeKernel
  api=4 insize=16295 outsize=53586 ok=1
Cmd: compileComputeKernel
  api=4 insize=16295 outsize=103406 ok=1
Cmd: compileComputeKernel
  api=4 insize=7696 outsize=660 ok=1
Cmd: compileComputeKernel
  api=4 insize=3697 outsize=4319 ok=1
Cmd: compileComputeKernel
  api=4 insize=5893 outsize=629 ok=1
Cmd: compileComputeKernel
  api=4 insize=3922 outsize=4173 ok=1
Cmd: compileComputeKernel
  api=4 insize=28593 outsize=3504 ok=1
Cmd: compileComputeKernel
  api=4 insize=28593 outsize=5639 ok=1
Cmd: compileComputeKernel
  api=4 insize=2557 outsize=757 ok=1
Cmd: compileComputeKernel
  api=4 insize=1207 outsize=893 ok=1
Cmd: compileComputeKernel
  api=4 insize=12177 outsize=1307 ok=1
Cmd: compileComputeKernel
  api=4 insize=3447 outsize=2127 ok=1
Cmd: compileComputeKernel
  api=4 insize=7589 outsize=1322 ok=1
Cmd: compileComputeKernel
  api=4 insize=7589 outsize=1261 ok=1
Cmd: compileComputeKernel
  api=4 insize=13959 outsize=4058 ok=1
Cmd: compileComputeKernel
  api=4 insize=8784 outsize=41078 ok=1
Cmd: compileComputeKernel
  api=4 insize=10587 outsize=3155 ok=1
